<?xml version="1.0" encoding="UTF-8"?>
<testsuite xmlns:xsi="http://www.w3.org/2001/XMLSchema-instance" xsi:noNamespaceSchemaLocation="https://maven.apache.org/surefire/maven-surefire-plugin/xsd/surefire-test-report-3.0.xsd" version="3.0" name="project.htjobboard.HtJobBoardApplicationTests" time="2.097" tests="1" errors="0" skipped="0" failures="0">
  <properties>
[...]
</properties>
  <testcase name="contextLoads" classname="project.htjobboard.HtJobBoardApplicationTests" time="0.388">
    <system-out><![CDATA[00:16:30.835 [main] INFO org.springframework.test.context.support.AnnotationConfigContextLoaderUtils -- Could not detect default configuration classes for test class [project.htjobboard.HtJobBoardApplicationTests]: HtJobBoardApplicationTests does not declare any static, non-private, non-final, nested classes annotated with @Configuration.
00:16:30.877 [main] INFO org.springframework.boot.test.context.SpringBootTestContextBootstrapper -- Found @SpringBootConfiguration project.htjobboard.HtJobBoardApplication for test class project.htjobboard.HtJobBoardApplicationTests

  .   ____          _            __ _ _
 /\\ / ___'_ __ _ _(_)_ __  __ _ \ \ \ \
( ( )\___ | '_ | '_| | '_ \/ _` | \ \ \ \
 \\/  ___)| |_)| | | | | || (_| |  ) ) ) )
  '  |____| .__|_| |_|_| |_\__, | / / / /
 =========|_|==============|___/=/_/_/_/
 :: Spring Boot ::                (v3.1.1)

2023-07-13T00:16:31.029-04:00  INFO 38850 --- [           main] p.htjobboard.HtJobBoardApplicationTests  : Starting HtJobBoardApplicationTests using Java 20.0.1 with PID 38850 (started by 4keem in /Users/4keem/Desktop/code/portfolio/portfolio-projects/ht-job-board/server)
2023-07-13T00:16:31.029-04:00  INFO 38850 --- [           main] p.htjobboard.HtJobBoardApplicationTests  : No active profile set, falling back to 1 default profile: "default"
2023-07-13T00:16:31.241-04:00  INFO 38850 --- [           main] .s.d.r.c.RepositoryConfigurationDelegate : Bootstrapping Spring Data MongoDB repositories in DEFAULT mode.
2023-07-13T00:16:31.261-04:00  INFO 38850 --- [           main] .s.d.r.c.RepositoryConfigurationDelegate : Finished Spring Data repository scanning in 18 ms. Found 3 MongoDB repository interfaces.
2023-07-13T00:16:31.475-04:00  INFO 38850 --- [           main] org.mongodb.driver.client                : MongoClient with metadata {"driver": {"name": "mongo-java-driver|sync|spring-boot", "version": "4.9.1"}, "os": {"type": "Darwin", "name": "Mac OS X", "architecture": "aarch64", "version": "13.4.1"}, "platform": "Java/Homebrew/20.0.1"} created with settings MongoClientSettings{readPreference=primary, writeConcern=WriteConcern{w=null, wTimeout=null ms, journal=null}, retryWrites=true, retryReads=true, readConcern=ReadConcern{level=null}, credential=MongoCredential{mechanism=null, userName='hteasdell44', source='admin', password=<hidden>, mechanismProperties=<hidden>}, streamFactoryFactory=null, commandListeners=[], codecRegistry=ProvidersCodecRegistry{codecProviders=[ValueCodecProvider{}, BsonValueCodecProvider{}, DBRefCodecProvider{}, DBObjectCodecProvider{}, DocumentCodecProvider{}, CollectionCodecProvider{}, IterableCodecProvider{}, MapCodecProvider{}, GeoJsonCodecProvider{}, GridFSFileCodecProvider{}, Jsr310CodecProvider{}, JsonObjectCodecProvider{}, BsonCodecProvider{}, EnumCodecProvider{}, com.mongodb.client.model.mql.ExpressionCodecProvider@135a8c6f, com.mongodb.Jep395RecordCodecProvider@6419a0e1]}, loggerSettings=LoggerSettings{maxDocumentLength=1000}, clusterSettings={hosts=[127.0.0.1:27017], srvHost=htjobs.x9ebwmn.mongodb.net, srvServiceName=mongodb, mode=MULTIPLE, requiredClusterType=REPLICA_SET, requiredReplicaSetName='atlas-13cy37-shard-0', serverSelector='null', clusterListeners='[]', serverSelectionTimeout='30000 ms', localThreshold='30000 ms'}, socketSettings=SocketSettings{connectTimeoutMS=10000, readTimeoutMS=0, receiveBufferSize=0, sendBufferSize=0}, heartbeatSocketSettings=SocketSettings{connectTimeoutMS=10000, readTimeoutMS=10000, receiveBufferSize=0, sendBufferSize=0}, connectionPoolSettings=ConnectionPoolSettings{maxSize=100, minSize=0, maxWaitTimeMS=120000, maxConnectionLifeTimeMS=0, maxConnectionIdleTimeMS=0, maintenanceInitialDelayMS=0, maintenanceFrequencyMS=60000, connectionPoolListeners=[], maxConnecting=2}, serverSettings=ServerSettings{heartbeatFrequencyMS=10000, minHeartbeatFrequencyMS=500, serverListeners='[]', serverMonitorListeners='[]'}, sslSettings=SslSettings{enabled=true, invalidHostNameAllowed=false, context=null}, applicationName='null', compressorList=[], uuidRepresentation=JAVA_LEGACY, serverApi=null, autoEncryptionSettings=null, contextProvider=null}
2023-07-13T00:16:31.502-04:00  INFO 38850 --- [wmn.mongodb.net] org.mongodb.driver.cluster               : Adding discovered server ac-z5ue8tr-shard-00-00.x9ebwmn.mongodb.net:27017 to client view of cluster
2023-07-13T00:16:31.510-04:00  INFO 38850 --- [wmn.mongodb.net] org.mongodb.driver.cluster               : Adding discovered server ac-z5ue8tr-shard-00-01.x9ebwmn.mongodb.net:27017 to client view of cluster
2023-07-13T00:16:31.511-04:00  INFO 38850 --- [wmn.mongodb.net] org.mongodb.driver.cluster               : Adding discovered server ac-z5ue8tr-shard-00-02.x9ebwmn.mongodb.net:27017 to client view of cluster
2023-07-13T00:16:31.632-04:00  INFO 38850 --- [           main] org.mongodb.driver.cluster               : No server chosen by com.mongodb.client.internal.MongoClientDelegate$$Lambda$1146/0x00000008014a3200@3ba1308d from cluster description ClusterDescription{type=REPLICA_SET, connectionMode=MULTIPLE, serverDescriptions=[ServerDescription{address=ac-z5ue8tr-shard-00-00.x9ebwmn.mongodb.net:27017, type=UNKNOWN, state=CONNECTING}, ServerDescription{address=ac-z5ue8tr-shard-00-02.x9ebwmn.mongodb.net:27017, type=UNKNOWN, state=CONNECTING}, ServerDescription{address=ac-z5ue8tr-shard-00-01.x9ebwmn.mongodb.net:27017, type=UNKNOWN, state=CONNECTING}]}. Waiting for 30000 ms before timing out
2023-07-13T00:16:31.965-04:00  INFO 38850 --- [ngodb.net:27017] org.mongodb.driver.cluster               : Monitor thread successfully connected to server with description ServerDescription{address=ac-z5ue8tr-shard-00-02.x9ebwmn.mongodb.net:27017, type=REPLICA_SET_PRIMARY, state=CONNECTED, ok=true, minWireVersion=0, maxWireVersion=17, maxDocumentSize=16777216, logicalSessionTimeoutMinutes=30, roundTripTimeNanos=208152166, setName='atlas-13cy37-shard-0', canonicalAddress=ac-z5ue8tr-shard-00-02.x9ebwmn.mongodb.net:27017, hosts=[ac-z5ue8tr-shard-00-00.x9ebwmn.mongodb.net:27017, ac-z5ue8tr-shard-00-01.x9ebwmn.mongodb.net:27017, ac-z5ue8tr-shard-00-02.x9ebwmn.mongodb.net:27017], passives=[], arbiters=[], primary='ac-z5ue8tr-shard-00-02.x9ebwmn.mongodb.net:27017', tagSet=TagSet{[Tag{name='nodeType', value='ELECTABLE'}, Tag{name='provider', value='AWS'}, Tag{name='region', value='US_EAST_1'}, Tag{name='workloadType', value='OPERATIONAL'}]}, electionId=7fffffff00000000000000a5, setVersion=8, topologyVersion=TopologyVersion{processId=64968c50236a100455524d13, counter=10}, lastWriteDate=Thu Jul 13 00:16:31 EDT 2023, lastUpdateTimeNanos=266285285456166}
2023-07-13T00:16:31.965-04:00  INFO 38850 --- [ngodb.net:27017] org.mongodb.driver.cluster               : Monitor thread successfully connected to server with description ServerDescription{address=ac-z5ue8tr-shard-00-01.x9ebwmn.mongodb.net:27017, type=REPLICA_SET_SECONDARY, state=CONNECTED, ok=true, minWireVersion=0, maxWireVersion=17, maxDocumentSize=16777216, logicalSessionTimeoutMinutes=30, roundTripTimeNanos=194244666, setName='atlas-13cy37-shard-0', canonicalAddress=ac-z5ue8tr-shard-00-01.x9ebwmn.mongodb.net:27017, hosts=[ac-z5ue8tr-shard-00-00.x9ebwmn.mongodb.net:27017, ac-z5ue8tr-shard-00-01.x9ebwmn.mongodb.net:27017, ac-z5ue8tr-shard-00-02.x9ebwmn.mongodb.net:27017], passives=[], arbiters=[], primary='ac-z5ue8tr-shard-00-02.x9ebwmn.mongodb.net:27017', tagSet=TagSet{[Tag{name='nodeType', value='ELECTABLE'}, Tag{name='provider', value='AWS'}, Tag{name='region', value='US_EAST_1'}, Tag{name='workloadType', value='OPERATIONAL'}]}, electionId=null, setVersion=8, topologyVersion=TopologyVersion{processId=64ae437aa89a0646263f310d, counter=4}, lastWriteDate=Thu Jul 13 00:16:31 EDT 2023, lastUpdateTimeNanos=266285285461875}
2023-07-13T00:16:31.965-04:00  INFO 38850 --- [ngodb.net:27017] org.mongodb.driver.cluster               : Monitor thread successfully connected to server with description ServerDescription{address=ac-z5ue8tr-shard-00-00.x9ebwmn.mongodb.net:27017, type=REPLICA_SET_SECONDARY, state=CONNECTED, ok=true, minWireVersion=0, maxWireVersion=17, maxDocumentSize=16777216, logicalSessionTimeoutMinutes=30, roundTripTimeNanos=194244666, setName='atlas-13cy37-shard-0', canonicalAddress=ac-z5ue8tr-shard-00-00.x9ebwmn.mongodb.net:27017, hosts=[ac-z5ue8tr-shard-00-00.x9ebwmn.mongodb.net:27017, ac-z5ue8tr-shard-00-01.x9ebwmn.mongodb.net:27017, ac-z5ue8tr-shard-00-02.x9ebwmn.mongodb.net:27017], passives=[], arbiters=[], primary='ac-z5ue8tr-shard-00-02.x9ebwmn.mongodb.net:27017', tagSet=TagSet{[Tag{name='nodeType', value='ELECTABLE'}, Tag{name='provider', value='AWS'}, Tag{name='region', value='US_EAST_1'}, Tag{name='workloadType', value='OPERATIONAL'}]}, electionId=null, setVersion=8, topologyVersion=TopologyVersion{processId=64ae3417072e77337fc66875, counter=8}, lastWriteDate=Thu Jul 13 00:16:31 EDT 2023, lastUpdateTimeNanos=266285285461875}
2023-07-13T00:16:31.966-04:00  INFO 38850 --- [ngodb.net:27017] org.mongodb.driver.cluster               : Discovered replica set primary ac-z5ue8tr-shard-00-02.x9ebwmn.mongodb.net:27017 with max election id 7fffffff00000000000000a5 and max set version 8
2023-07-13T00:16:32.454-04:00  INFO 38850 --- [           main] p.htjobboard.HtJobBoardApplicationTests  : Started HtJobBoardApplicationTests in 1.523 seconds (process running for 1.919)
]]></system-out>
  </testcase>
</testsuite>